Arguments: 
  C:\Program Files\nodejs\node.exe C:\Users\my pc\AppData\Roaming\npm\node_modules\yarn\bin\yarn.js add bcryptjs@2.4.3 braintree@3.0.0 cookie-parser@1.4.5 cors@2.8.5 dotenv@8.2.0 express@4.17.1 i@0.3.6 jsonwebtoken@8.5.1 mongoose@5.9.27 morgan@1.10.0 multer@1.4.2 nodemon@2.0.4 npm@6.14.8

PATH: 
  C:\Program Files (x86)\Common Files\Intel\Shared Files\cpp\bin\Intel64;C:\Program Files\Common Files\Oracle\Java\javapath;C:\Windows\system32;C:\Windows;C:\Windows\System32\Wbem;C:\Windows\System32\WindowsPowerShell\v1.0\;C:\Program Files\Java\jdk-17.0.2\bin;C:\MinGW\bin;C:\WINDOWS\system32;C:\WINDOWS;C:\WINDOWS\System32\Wbem;C:\WINDOWS\System32\WindowsPowerShell\v1.0\;C:\WINDOWS\System32\OpenSSH\;C:\Program Files\MongoDB\Server\6.0\bin;C:\Program Files\nodejs\;C:\xampp\php;D:\composer;C:\Program Files\dotnet\;C:\Program Files\Git\cmd;C:\Users\my pc\AppData\Local\Android\Sdk;C:\Users\my pc\AppData\Local\Microsoft\WindowsApps;C:\Program Files\Azure Data Studio\bin;C:\Users\my pc\AppData\Roaming\npm;C:\Users\my pc\AppData\Local\Programs\Python\Python39\Scripts;C:\Users\my pc\AppData\Roaming\Composer\vendor\bin;C:\Users\my pc\AppData\Local\Programs\Microsoft VS Code\bin;C:\Users\my pc\AppData\Local\Android\Sdk;C:\Users\my pc\AppData\Local\Android\Sdk\platform-tools;C:\Users\my pc\AppData\Local\Android\Sdk\emulator;C:\Users\my pc\AppData\Local\Android\Sdk\tools;C:\Users\my pc\AppData\Local\Android\Sdk\tools\bin;

Yarn version: 
  1.22.19

Node version: 
  18.16.0

Platform: 
  win32 x64

Trace: 
  Error: EPERM: operation not permitted, copyfile 'C:\Users\my pc\AppData\Local\Yarn\Cache\v6\npm-npm-6.14.8-64ef754345639bc035982ec3f609353c8539033c-integrity\node_modules\npm\node_modules\readable-stream\lib\internal\streams\async_iterator.js' -> 'D:\react\New Series\int\ssecommerce\server\node_modules\npm\node_modules\readable-stream\lib\internal\streams\async_iterator.js'

npm manifest: 
  {
    "name": "server",
    "version": "1.0.0",
    "description": "A E-commerce website.",
    "main": "app.js",
    "author": "SSE World",
    "license": "ISC"
  }

yarn manifest: 
  No manifest

Lockfile: 
  No lockfile
